# JRE version: Java(TM) SE Runtime Environment (8.0_66-b18) (build 1.8.0_66-b18)
# Java VM: Java HotSpot(TM) 64-Bit Server VM (25.66-b18 mixed mode windows-amd64 compressed oops)
Heap:
 PSYoungGen      total 76288K, used 37205K [0x000000076b400000, 0x0000000773500000, 0x00000007c0000000)
  eden space 65536K, 45% used [0x000000076b400000,0x000000076d15ae38,0x000000076f400000)
  from space 10752K, 66% used [0x000000076f400000,0x000000076fafa638,0x000000076fe80000)
  to   space 10752K, 0% used [0x0000000772a80000,0x0000000772a80000,0x0000000773500000)
 ParOldGen       total 107520K, used 6207K [0x00000006c1c00000, 0x00000006c8500000, 0x000000076b400000)
  object space 107520K, 5% used [0x00000006c1c00000,0x00000006c220fee8,0x00000006c8500000)
 Metaspace       used 27014K, capacity 27832K, committed 27904K, reserved 1073152K
  class space    used 3375K, capacity 3544K, committed 3584K, reserved 1048576K
GC Heap History (8 events):
Event: 2.323 GC heap before
{Heap before GC invocations=1 (full 0):
 PSYoungGen      total 76288K, used 65536K [0x000000076b400000, 0x0000000770900000, 0x00000007c0000000)
  eden space 65536K, 100% used [0x000000076b400000,0x000000076f400000,0x000000076f400000)
  from space 10752K, 0% used [0x000000076fe80000,0x000000076fe80000,0x0000000770900000)
  to   space 10752K, 0% used [0x000000076f400000,0x000000076f400000,0x000000076fe80000)
 ParOldGen       total 175104K, used 0K [0x00000006c1c00000, 0x00000006cc700000, 0x000000076b400000)
  object space 175104K, 0% used [0x00000006c1c00000,0x00000006c1c00000,0x00000006cc700000)
 Metaspace       used 16755K, capacity 17042K, committed 17280K, reserved 1064960K
  class space    used 2031K, capacity 2111K, committed 2176K, reserved 1048576K
Event: 2.333 GC heap after
Heap after GC invocations=1 (full 0):
 PSYoungGen      total 76288K, used 9432K [0x000000076b400000, 0x0000000770900000, 0x00000007c0000000)
  eden space 65536K, 0% used [0x000000076b400000,0x000000076b400000,0x000000076f400000)
  from space 10752K, 87% used [0x000000076f400000,0x000000076fd360b8,0x000000076fe80000)
  to   space 10752K, 0% used [0x000000076fe80000,0x000000076fe80000,0x0000000770900000)
 ParOldGen       total 175104K, used 80K [0x00000006c1c00000, 0x00000006cc700000, 0x000000076b400000)
  object space 175104K, 0% used [0x00000006c1c00000,0x00000006c1c14010,0x00000006cc700000)
 Metaspace       used 16755K, capacity 17042K, committed 17280K, reserved 1064960K
  class space    used 2031K, capacity 2111K, committed 2176K, reserved 1048576K
}
Event: 2.727 GC heap before
{Heap before GC invocations=2 (full 0):
 PSYoungGen      total 76288K, used 26685K [0x000000076b400000, 0x0000000770900000, 0x00000007c0000000)
  eden space 65536K, 26% used [0x000000076b400000,0x000000076c4d93d8,0x000000076f400000)
  from space 10752K, 87% used [0x000000076f400000,0x000000076fd360b8,0x000000076fe80000)
  to   space 10752K, 0% used [0x000000076fe80000,0x000000076fe80000,0x0000000770900000)
 ParOldGen       total 175104K, used 80K [0x00000006c1c00000, 0x00000006cc700000, 0x000000076b400000)
  object space 175104K, 0% used [0x00000006c1c00000,0x00000006c1c14010,0x00000006cc700000)
 Metaspace       used 20861K, capacity 21110K, committed 21296K, reserved 1069056K
  class space    used 2581K, capacity 2657K, committed 2688K, reserved 1048576K
Event: 2.735 GC heap after
Heap after GC invocations=2 (full 0):
 PSYoungGen      total 76288K, used 6370K [0x000000076b400000, 0x0000000774900000, 0x00000007c0000000)
  eden space 65536K, 0% used [0x000000076b400000,0x000000076b400000,0x000000076f400000)
  from space 10752K, 59% used [0x000000076fe80000,0x00000007704b8ad0,0x0000000770900000)
  to   space 10752K, 0% used [0x000000076f400000,0x000000076f400000,0x000000076fe80000)
 ParOldGen       total 175104K, used 88K [0x00000006c1c00000, 0x00000006cc700000, 0x000000076b400000)
  object space 175104K, 0% used [0x00000006c1c00000,0x00000006c1c16010,0x00000006cc700000)
 Metaspace       used 20861K, capacity 21110K, committed 21296K, reserved 1069056K
  class space    used 2581K, capacity 2657K, committed 2688K, reserved 1048576K
}
Event: 2.735 GC heap before
{Heap before GC invocations=3 (full 1):
 PSYoungGen      total 76288K, used 6370K [0x000000076b400000, 0x0000000774900000, 0x00000007c0000000)
  eden space 65536K, 0% used [0x000000076b400000,0x000000076b400000,0x000000076f400000)
  from space 10752K, 59% used [0x000000076fe80000,0x00000007704b8ad0,0x0000000770900000)
  to   space 10752K, 0% used [0x000000076f400000,0x000000076f400000,0x000000076fe80000)
 ParOldGen       total 175104K, used 88K [0x00000006c1c00000, 0x00000006cc700000, 0x000000076b400000)
  object space 175104K, 0% used [0x00000006c1c00000,0x00000006c1c16010,0x00000006cc700000)
 Metaspace       used 20861K, capacity 21110K, committed 21296K, reserved 1069056K
  class space    used 2581K, capacity 2657K, committed 2688K, reserved 1048576K
Event: 2.771 GC heap after
Heap after GC invocations=3 (full 1):
 PSYoungGen      total 76288K, used 0K [0x000000076b400000, 0x0000000774900000, 0x00000007c0000000)
  eden space 65536K, 0% used [0x000000076b400000,0x000000076b400000,0x000000076f400000)
  from space 10752K, 0% used [0x000000076fe80000,0x000000076fe80000,0x0000000770900000)
  to   space 10752K, 0% used [0x000000076f400000,0x000000076f400000,0x000000076fe80000)
 ParOldGen       total 107520K, used 6207K [0x00000006c1c00000, 0x00000006c8500000, 0x000000076b400000)
  object space 107520K, 5% used [0x00000006c1c00000,0x00000006c220fee8,0x00000006c8500000)
 Metaspace       used 20861K, capacity 21110K, committed 21296K, reserved 1069056K
  class space    used 2581K, capacity 2657K, committed 2688K, reserved 1048576K
}
Event: 11.697 GC heap before
{Heap before GC invocations=4 (full 1):
 PSYoungGen      total 76288K, used 65536K [0x000000076b400000, 0x0000000774900000, 0x00000007c0000000)
  eden space 65536K, 100% used [0x000000076b400000,0x000000076f400000,0x000000076f400000)
  from space 10752K, 0% used [0x000000076fe80000,0x000000076fe80000,0x0000000770900000)
  to   space 10752K, 0% used [0x000000076f400000,0x000000076f400000,0x000000076fe80000)
 ParOldGen       total 107520K, used 6207K [0x00000006c1c00000, 0x00000006c8500000, 0x000000076b400000)
  object space 107520K, 5% used [0x00000006c1c00000,0x00000006c220fee8,0x00000006c8500000)
 Metaspace       used 26804K, capacity 27564K, committed 27648K, reserved 1073152K
  class space    used 3359K, capacity 3541K, committed 3584K, reserved 1048576K
Event: 12.299 GC heap after
Heap after GC invocations=4 (full 1):
 PSYoungGen      total 76288K, used 7145K [0x000000076b400000, 0x0000000773500000, 0x00000007c0000000)
  eden space 65536K, 0% used [0x000000076b400000,0x000000076b400000,0x000000076f400000)
  from space 10752K, 66% used [0x000000076f400000,0x000000076fafa638,0x000000076fe80000)
  to   space 10752K, 0% used [0x0000000772a80000,0x0000000772a80000,0x0000000773500000)
 ParOldGen       total 107520K, used 6207K [0x00000006c1c00000, 0x00000006c8500000, 0x000000076b400000)
  object space 107520K, 5% used [0x00000006c1c00000,0x00000006c220fee8,0x00000006c8500000)
 Metaspace       used 26804K, capacity 27564K, committed 27648K, reserved 1073152K
  class space    used 3359K, capacity 3541K, committed 3584K, reserved 1048576K
}

