<?xml version="1.0" encoding="UTF-8" ?>
<testsuite failures="0" time="1.891" errors="0" skipped="0" tests="5" name="ValidatePDFTest">
  <properties>
[...]
</properties>
  <testcase time="0.39" classname="ValidatePDFTest" name="validateWithNoParameter"/>
  <testcase time="0.032" classname="ValidatePDFTest" name="validateWithInvalidPdfFolder"/>
  <testcase time="0" classname="ValidatePDFTest" name="validateWithExistingLogFile"/>
  <testcase time="1.312" classname="ValidatePDFTest" name="validateWithGivenPdfFile"/>
  <testcase time="0.11" classname="ValidatePDFTest" name="validateWithGivenPdfFolder"/>
</testsuite>