<?xml version="1.0" encoding="UTF-8" ?>
<testsuite failures="4" time="1.078" errors="0" skipped="3" tests="7" name="fr.urssaf.image.tests.dfcetest.StressNcotiTest">
  <properties>
    <property name="java.runtime.name" value="Java(TM) SE Runtime Environment"/>
    <property name="sun.boot.library.path" value="C:\Program Files\Java\jdk1.6.0_18\jre\bin"/>
    <property name="java.vm.version" value="16.0-b13"/>
    <property name="java.vm.vendor" value="Sun Microsystems Inc."/>
    <property name="java.vendor.url" value="http://java.sun.com/"/>
    <property name="path.separator" value=";"/>
    <property name="java.vm.name" value="Java HotSpot(TM) Client VM"/>
    <property name="file.encoding.pkg" value="sun.io"/>
    <property name="user.country" value="FR"/>
    <property name="sun.java.launcher" value="SUN_STANDARD"/>
    <property name="sun.os.patch.level" value="Service Pack 3"/>
    <property name="java.vm.specification.name" value="Java Virtual Machine Specification"/>
    <property name="user.dir" value="G:\rhardouin\eclipse_workspace\dfcetest"/>
    <property name="java.runtime.version" value="1.6.0_18-b07"/>
    <property name="java.awt.graphicsenv" value="sun.awt.Win32GraphicsEnvironment"/>
    <property name="basedir" value="G:\rhardouin\eclipse_workspace\dfcetest"/>
    <property name="java.endorsed.dirs" value="C:\Program Files\Java\jdk1.6.0_18\jre\lib\endorsed"/>
    <property name="os.arch" value="x86"/>
    <property name="surefire.real.class.path" value="C:\DOCUME~1\CER690~2\LOCALS~1\Temp\surefirebooter5963875336801788669.jar"/>
    <property name="java.io.tmpdir" value="C:\DOCUME~1\CER690~2\LOCALS~1\Temp\"/>
    <property name="line.separator" value="
"/>
    <property name="java.vm.specification.vendor" value="Sun Microsystems Inc."/>
    <property name="user.variant" value=""/>
    <property name="os.name" value="Windows XP"/>
    <property name="sun.jnu.encoding" value="Cp1252"/>
    <property name="java.library.path" value="C:\Program Files\Java\jdk1.6.0_18\jre\bin;.;C:\WINDOWS\Sun\Java\bin;C:\WINDOWS\system32;C:\WINDOWS;C:\Python27\;C:\Python27\Scripts;C:\Program Files\PHP\;C:\OpenMaster Agents\bin;C:\OpenMaster Agents\shared_lib;C:\OpenMaster Agents\shared_lib\KERBEROS;C:\OpenMaster Agents\AKL5034\bin;C:\WINDOWS\system32;C:\WINDOWS;C:\WINDOWS\System32\Wbem;c:\notes\prog;C:\PROGRA~1\ULTRAE~1;C:\Program Files\TortoiseSVN\bin;C:\Python26;C:\Program Files\QuickTime\QTSystem\;C:\Program Files\Mono-1.9.1\bin;C:\sts--2.5.2\maven-2.2.1.RELEASE\bin;C:\Program Files\Java\jdk1.6.0_18\bin;C:\Program Files\SlikSvn\bin;C:\Program Files\SlikSvn\bin\;C:\rhp\bin;C:\rhp\bin\ant\bin;C:\Program Files\WinSCP3\;c:\Python26;C:\Python26\Scripts;;C:\WINDOWS\system32\WindowsPowerShell\v1.0;C:\Program Files\Git\cmd;%APPDATA%\Python\Scripts"/>
    <property name="surefire.test.class.path" value="G:\rhardouin\eclipse_workspace\dfcetest\target\test-classes;G:\rhardouin\eclipse_workspace\dfcetest\target\classes;C:\Documents and Settings\CER6900284\.m2\repository\net\docubase\dfce-rheatoolkit\0.9\dfce-rheatoolkit-0.9.jar;C:\Documents and Settings\CER6900284\.m2\repository\org\springframework\spring-core\3.0.5.RELEASE\spring-core-3.0.5.RELEASE.jar;C:\Documents and Settings\CER6900284\.m2\repository\org\springframework\spring-asm\3.0.5.RELEASE\spring-asm-3.0.5.RELEASE.jar;C:\Documents and Settings\CER6900284\.m2\repository\commons-logging\commons-logging\1.1.1\commons-logging-1.1.1.jar;C:\Documents and Settings\CER6900284\.m2\repository\org\springframework\spring-beans\3.0.5.RELEASE\spring-beans-3.0.5.RELEASE.jar;C:\Documents and Settings\CER6900284\.m2\repository\org\springframework\spring-context\3.0.5.RELEASE\spring-context-3.0.5.RELEASE.jar;C:\Documents and Settings\CER6900284\.m2\repository\org\springframework\spring-aop\3.0.5.RELEASE\spring-aop-3.0.5.RELEASE.jar;C:\Documents and Settings\CER6900284\.m2\repository\aopalliance\aopalliance\1.0\aopalliance-1.0.jar;C:\Documents and Settings\CER6900284\.m2\repository\org\springframework\spring-expression\3.0.5.RELEASE\spring-expression-3.0.5.RELEASE.jar;C:\Documents and Settings\CER6900284\.m2\repository\org\springframework\spring-test\3.0.5.RELEASE\spring-test-3.0.5.RELEASE.jar;C:\Documents and Settings\CER6900284\.m2\repository\junit\junit\4.8.2\junit-4.8.2.jar;C:\Documents and Settings\CER6900284\.m2\repository\com\googlecode\sli4j\sli4j-slf4j\2.0\sli4j-slf4j-2.0.jar;C:\Documents and Settings\CER6900284\.m2\repository\com\googlecode\sli4j\sli4j-core\2.0\sli4j-core-2.0.jar;C:\Documents and Settings\CER6900284\.m2\repository\com\google\inject\guice\2.0\guice-2.0.jar;C:\Documents and Settings\CER6900284\.m2\repository\org\slf4j\slf4j-api\1.5.10\slf4j-api-1.5.10.jar;C:\Documents and Settings\CER6900284\.m2\repository\com\googlecode\sli4j\sli4j-slf4j-log4j\2.0\sli4j-slf4j-log4j-2.0.jar;C:\Documents and Settings\CER6900284\.m2\repository\org\slf4j\slf4j-log4j12\1.5.10\slf4j-log4j12-1.5.10.jar;C:\Documents and Settings\CER6900284\.m2\repository\log4j\log4j\1.2.14\log4j-1.2.14.jar;C:\Documents and Settings\CER6900284\.m2\repository\commons-pool\commons-pool\1.5.4\commons-pool-1.5.4.jar;C:\Documents and Settings\CER6900284\.m2\repository\commons-digester\commons-digester\2.1\commons-digester-2.1.jar;C:\Documents and Settings\CER6900284\.m2\repository\commons-beanutils\commons-beanutils\1.8.3\commons-beanutils-1.8.3.jar;C:\Documents and Settings\CER6900284\.m2\repository\org\jdom\jdom\1.1\jdom-1.1.jar;C:\Documents and Settings\CER6900284\.m2\repository\javax\annotation\jsr250-api\1.0\jsr250-api-1.0-sources.jar;C:\Documents and Settings\CER6900284\.m2\repository\commons-httpclient\commons-httpclient\3.1-rc1\commons-httpclient-3.1-rc1.jar;C:\Documents and Settings\CER6900284\.m2\repository\commons-codec\commons-codec\1.2\commons-codec-1.2.jar;C:\Documents and Settings\CER6900284\.m2\repository\commons-collections\commons-collections\3.2.1\commons-collections-3.2.1.jar;C:\Documents and Settings\CER6900284\.m2\repository\commons-lang\commons-lang\2.6\commons-lang-2.6.jar;"/>
    <property name="java.specification.name" value="Java Platform API Specification"/>
    <property name="java.class.version" value="50.0"/>
    <property name="sun.management.compiler" value="HotSpot Client Compiler"/>
    <property name="os.version" value="5.1"/>
    <property name="user.home" value="C:\Documents and Settings\CER6900284"/>
    <property name="user.timezone" value="Europe/Paris"/>
    <property name="java.awt.printerjob" value="sun.awt.windows.WPrinterJob"/>
    <property name="java.specification.version" value="1.6"/>
    <property name="file.encoding" value="Cp1252"/>
    <property name="user.name" value="CER6900284"/>
    <property name="java.class.path" value="G:\rhardouin\eclipse_workspace\dfcetest\target\test-classes;G:\rhardouin\eclipse_workspace\dfcetest\target\classes;C:\Documents and Settings\CER6900284\.m2\repository\net\docubase\dfce-rheatoolkit\0.9\dfce-rheatoolkit-0.9.jar;C:\Documents and Settings\CER6900284\.m2\repository\org\springframework\spring-core\3.0.5.RELEASE\spring-core-3.0.5.RELEASE.jar;C:\Documents and Settings\CER6900284\.m2\repository\org\springframework\spring-asm\3.0.5.RELEASE\spring-asm-3.0.5.RELEASE.jar;C:\Documents and Settings\CER6900284\.m2\repository\commons-logging\commons-logging\1.1.1\commons-logging-1.1.1.jar;C:\Documents and Settings\CER6900284\.m2\repository\org\springframework\spring-beans\3.0.5.RELEASE\spring-beans-3.0.5.RELEASE.jar;C:\Documents and Settings\CER6900284\.m2\repository\org\springframework\spring-context\3.0.5.RELEASE\spring-context-3.0.5.RELEASE.jar;C:\Documents and Settings\CER6900284\.m2\repository\org\springframework\spring-aop\3.0.5.RELEASE\spring-aop-3.0.5.RELEASE.jar;C:\Documents and Settings\CER6900284\.m2\repository\aopalliance\aopalliance\1.0\aopalliance-1.0.jar;C:\Documents and Settings\CER6900284\.m2\repository\org\springframework\spring-expression\3.0.5.RELEASE\spring-expression-3.0.5.RELEASE.jar;C:\Documents and Settings\CER6900284\.m2\repository\org\springframework\spring-test\3.0.5.RELEASE\spring-test-3.0.5.RELEASE.jar;C:\Documents and Settings\CER6900284\.m2\repository\junit\junit\4.8.2\junit-4.8.2.jar;C:\Documents and Settings\CER6900284\.m2\repository\com\googlecode\sli4j\sli4j-slf4j\2.0\sli4j-slf4j-2.0.jar;C:\Documents and Settings\CER6900284\.m2\repository\com\googlecode\sli4j\sli4j-core\2.0\sli4j-core-2.0.jar;C:\Documents and Settings\CER6900284\.m2\repository\com\google\inject\guice\2.0\guice-2.0.jar;C:\Documents and Settings\CER6900284\.m2\repository\org\slf4j\slf4j-api\1.5.10\slf4j-api-1.5.10.jar;C:\Documents and Settings\CER6900284\.m2\repository\com\googlecode\sli4j\sli4j-slf4j-log4j\2.0\sli4j-slf4j-log4j-2.0.jar;C:\Documents and Settings\CER6900284\.m2\repository\org\slf4j\slf4j-log4j12\1.5.10\slf4j-log4j12-1.5.10.jar;C:\Documents and Settings\CER6900284\.m2\repository\log4j\log4j\1.2.14\log4j-1.2.14.jar;C:\Documents and Settings\CER6900284\.m2\repository\commons-pool\commons-pool\1.5.4\commons-pool-1.5.4.jar;C:\Documents and Settings\CER6900284\.m2\repository\commons-digester\commons-digester\2.1\commons-digester-2.1.jar;C:\Documents and Settings\CER6900284\.m2\repository\commons-beanutils\commons-beanutils\1.8.3\commons-beanutils-1.8.3.jar;C:\Documents and Settings\CER6900284\.m2\repository\org\jdom\jdom\1.1\jdom-1.1.jar;C:\Documents and Settings\CER6900284\.m2\repository\javax\annotation\jsr250-api\1.0\jsr250-api-1.0-sources.jar;C:\Documents and Settings\CER6900284\.m2\repository\commons-httpclient\commons-httpclient\3.1-rc1\commons-httpclient-3.1-rc1.jar;C:\Documents and Settings\CER6900284\.m2\repository\commons-codec\commons-codec\1.2\commons-codec-1.2.jar;C:\Documents and Settings\CER6900284\.m2\repository\commons-collections\commons-collections\3.2.1\commons-collections-3.2.1.jar;C:\Documents and Settings\CER6900284\.m2\repository\commons-lang\commons-lang\2.6\commons-lang-2.6.jar;"/>
    <property name="java.vm.specification.version" value="1.0"/>
    <property name="sun.arch.data.model" value="32"/>
    <property name="java.home" value="C:\Program Files\Java\jdk1.6.0_18\jre"/>
    <property name="java.specification.vendor" value="Sun Microsystems Inc."/>
    <property name="user.language" value="fr"/>
    <property name="awt.toolkit" value="sun.awt.windows.WToolkit"/>
    <property name="java.vm.info" value="mixed mode, sharing"/>
    <property name="java.version" value="1.6.0_18"/>
    <property name="java.ext.dirs" value="C:\Program Files\Java\jdk1.6.0_18\jre\lib\ext;C:\WINDOWS\Sun\Java\lib\ext"/>
    <property name="sun.boot.class.path" value="C:\Program Files\Java\jdk1.6.0_18\jre\lib\resources.jar;C:\Program Files\Java\jdk1.6.0_18\jre\lib\rt.jar;C:\Program Files\Java\jdk1.6.0_18\jre\lib\sunrsasign.jar;C:\Program Files\Java\jdk1.6.0_18\jre\lib\jsse.jar;C:\Program Files\Java\jdk1.6.0_18\jre\lib\jce.jar;C:\Program Files\Java\jdk1.6.0_18\jre\lib\charsets.jar;C:\Program Files\Java\jdk1.6.0_18\jre\classes"/>
    <property name="java.vendor" value="Sun Microsystems Inc."/>
    <property name="localRepository" value="C:\Documents and Settings\CER6900284\.m2\repository"/>
    <property name="file.separator" value="\"/>
    <property name="java.vendor.url.bug" value="http://java.sun.com/cgi-bin/bugreport.cgi"/>
    <property name="sun.cpu.endian" value="little"/>
    <property name="sun.io.unicode.encoding" value="UnicodeLittle"/>
    <property name="sun.desktop" value="windows"/>
    <property name="sun.cpu.isalist" value="pentium_pro+mmx pentium_pro pentium+mmx pentium i486 i386 i86"/>
  </properties>
  <testcase time="0.656" classname="fr.urssaf.image.tests.dfcetest.StressNcotiTest" name="searchOnEachDomain">
    <failure message="espace de stockage transmis à StoreTypeInformation ne doit pas etre null" type="java.lang.AssertionError">java.lang.AssertionError: espace de stockage transmis à StoreTypeInformation ne doit pas etre null
	at net.docubase.am.network.service.documentManager.data.base.StoreTypeInformation.&lt;init&gt;(StoreTypeInformation.java:111)
	at net.docubase.appmgt.session.base.UserBase.&lt;init&gt;(UserBase.java:112)
	at net.docubase.appmgt.session.base.BaseManager.push(BaseManager.java:90)
	at net.docubase.appmgt.session.base.BaseManager.getBase(BaseManager.java:75)
	at net.docubase.rheatoolkit.session.base.BaseManager.getBase(BaseManager.java:78)
	at fr.urssaf.image.tests.dfcetest.DocubaseHelper.getBase(DocubaseHelper.java:516)
	at fr.urssaf.image.tests.dfcetest.StressNcotiTest.initObjects(StressNcotiTest.java:68)
	at sun.reflect.NativeMethodAccessorImpl.invoke0(Native Method)
	at sun.reflect.NativeMethodAccessorImpl.invoke(NativeMethodAccessorImpl.java:39)
	at sun.reflect.DelegatingMethodAccessorImpl.invoke(DelegatingMethodAccessorImpl.java:25)
	at java.lang.reflect.Method.invoke(Method.java:597)
	at org.junit.runners.model.FrameworkMethod$1.runReflectiveCall(FrameworkMethod.java:44)
	at org.junit.internal.runners.model.ReflectiveCallable.run(ReflectiveCallable.java:15)
	at org.junit.runners.model.FrameworkMethod.invokeExplosively(FrameworkMethod.java:41)
	at org.junit.internal.runners.statements.RunBefores.evaluate(RunBefores.java:27)
	at org.junit.internal.runners.statements.RunAfters.evaluate(RunAfters.java:31)
	at org.junit.runners.BlockJUnit4ClassRunner.runNotIgnored(BlockJUnit4ClassRunner.java:79)
	at org.junit.runners.BlockJUnit4ClassRunner.runChild(BlockJUnit4ClassRunner.java:71)
	at org.junit.runners.BlockJUnit4ClassRunner.runChild(BlockJUnit4ClassRunner.java:49)
	at org.junit.runners.ParentRunner$3.run(ParentRunner.java:193)
	at org.junit.runners.ParentRunner$1.schedule(ParentRunner.java:52)
	at org.junit.runners.ParentRunner.runChildren(ParentRunner.java:191)
	at org.junit.runners.ParentRunner.access$000(ParentRunner.java:42)
	at org.junit.runners.ParentRunner$2.evaluate(ParentRunner.java:184)
	at org.junit.internal.runners.statements.RunBefores.evaluate(RunBefores.java:28)
	at org.junit.internal.runners.statements.RunAfters.evaluate(RunAfters.java:31)
	at org.junit.runners.ParentRunner.run(ParentRunner.java:236)
	at org.apache.maven.surefire.junit4.JUnit4TestSet.execute(JUnit4TestSet.java:62)
	at org.apache.maven.surefire.suite.AbstractDirectoryTestSuite.executeTestSet(AbstractDirectoryTestSuite.java:140)
	at org.apache.maven.surefire.suite.AbstractDirectoryTestSuite.execute(AbstractDirectoryTestSuite.java:127)
	at org.apache.maven.surefire.Surefire.run(Surefire.java:177)
	at sun.reflect.NativeMethodAccessorImpl.invoke0(Native Method)
	at sun.reflect.NativeMethodAccessorImpl.invoke(NativeMethodAccessorImpl.java:39)
	at sun.reflect.DelegatingMethodAccessorImpl.invoke(DelegatingMethodAccessorImpl.java:25)
	at java.lang.reflect.Method.invoke(Method.java:597)
	at org.apache.maven.surefire.booter.SurefireBooter.runSuitesInProcess(SurefireBooter.java:345)
	at org.apache.maven.surefire.booter.SurefireBooter.main(SurefireBooter.java:1009)
</failure>
  </testcase>
  <testcase time="0" classname="fr.urssaf.image.tests.dfcetest.StressNcotiTest" name="getDocumentByUuidOnEachDomain">
    <failure message="espace de stockage transmis à StoreTypeInformation ne doit pas etre null" type="java.lang.AssertionError">java.lang.AssertionError: espace de stockage transmis à StoreTypeInformation ne doit pas etre null
	at net.docubase.am.network.service.documentManager.data.base.StoreTypeInformation.&lt;init&gt;(StoreTypeInformation.java:111)
	at net.docubase.appmgt.session.base.UserBase.&lt;init&gt;(UserBase.java:112)
	at net.docubase.appmgt.session.base.BaseManager.push(BaseManager.java:90)
	at net.docubase.appmgt.session.base.BaseManager.getBase(BaseManager.java:75)
	at net.docubase.rheatoolkit.session.base.BaseManager.getBase(BaseManager.java:78)
	at fr.urssaf.image.tests.dfcetest.DocubaseHelper.getBase(DocubaseHelper.java:516)
	at fr.urssaf.image.tests.dfcetest.StressNcotiTest.initObjects(StressNcotiTest.java:68)
	at sun.reflect.NativeMethodAccessorImpl.invoke0(Native Method)
	at sun.reflect.NativeMethodAccessorImpl.invoke(NativeMethodAccessorImpl.java:39)
	at sun.reflect.DelegatingMethodAccessorImpl.invoke(DelegatingMethodAccessorImpl.java:25)
	at java.lang.reflect.Method.invoke(Method.java:597)
	at org.junit.runners.model.FrameworkMethod$1.runReflectiveCall(FrameworkMethod.java:44)
	at org.junit.internal.runners.model.ReflectiveCallable.run(ReflectiveCallable.java:15)
	at org.junit.runners.model.FrameworkMethod.invokeExplosively(FrameworkMethod.java:41)
	at org.junit.internal.runners.statements.RunBefores.evaluate(RunBefores.java:27)
	at org.junit.internal.runners.statements.RunAfters.evaluate(RunAfters.java:31)
	at org.junit.runners.BlockJUnit4ClassRunner.runNotIgnored(BlockJUnit4ClassRunner.java:79)
	at org.junit.runners.BlockJUnit4ClassRunner.runChild(BlockJUnit4ClassRunner.java:71)
	at org.junit.runners.BlockJUnit4ClassRunner.runChild(BlockJUnit4ClassRunner.java:49)
	at org.junit.runners.ParentRunner$3.run(ParentRunner.java:193)
	at org.junit.runners.ParentRunner$1.schedule(ParentRunner.java:52)
	at org.junit.runners.ParentRunner.runChildren(ParentRunner.java:191)
	at org.junit.runners.ParentRunner.access$000(ParentRunner.java:42)
	at org.junit.runners.ParentRunner$2.evaluate(ParentRunner.java:184)
	at org.junit.internal.runners.statements.RunBefores.evaluate(RunBefores.java:28)
	at org.junit.internal.runners.statements.RunAfters.evaluate(RunAfters.java:31)
	at org.junit.runners.ParentRunner.run(ParentRunner.java:236)
	at org.apache.maven.surefire.junit4.JUnit4TestSet.execute(JUnit4TestSet.java:62)
	at org.apache.maven.surefire.suite.AbstractDirectoryTestSuite.executeTestSet(AbstractDirectoryTestSuite.java:140)
	at org.apache.maven.surefire.suite.AbstractDirectoryTestSuite.execute(AbstractDirectoryTestSuite.java:127)
	at org.apache.maven.surefire.Surefire.run(Surefire.java:177)
	at sun.reflect.NativeMethodAccessorImpl.invoke0(Native Method)
	at sun.reflect.NativeMethodAccessorImpl.invoke(NativeMethodAccessorImpl.java:39)
	at sun.reflect.DelegatingMethodAccessorImpl.invoke(DelegatingMethodAccessorImpl.java:25)
	at java.lang.reflect.Method.invoke(Method.java:597)
	at org.apache.maven.surefire.booter.SurefireBooter.runSuitesInProcess(SurefireBooter.java:345)
	at org.apache.maven.surefire.booter.SurefireBooter.main(SurefireBooter.java:1009)
</failure>
  </testcase>
  <testcase time="0" classname="fr.urssaf.image.tests.dfcetest.StressNcotiTest" name="maxLimit">
    <failure message="espace de stockage transmis à StoreTypeInformation ne doit pas etre null" type="java.lang.AssertionError">java.lang.AssertionError: espace de stockage transmis à StoreTypeInformation ne doit pas etre null
	at net.docubase.am.network.service.documentManager.data.base.StoreTypeInformation.&lt;init&gt;(StoreTypeInformation.java:111)
	at net.docubase.appmgt.session.base.UserBase.&lt;init&gt;(UserBase.java:112)
	at net.docubase.appmgt.session.base.BaseManager.push(BaseManager.java:90)
	at net.docubase.appmgt.session.base.BaseManager.getBase(BaseManager.java:75)
	at net.docubase.rheatoolkit.session.base.BaseManager.getBase(BaseManager.java:78)
	at fr.urssaf.image.tests.dfcetest.DocubaseHelper.getBase(DocubaseHelper.java:516)
	at fr.urssaf.image.tests.dfcetest.StressNcotiTest.initObjects(StressNcotiTest.java:68)
	at sun.reflect.NativeMethodAccessorImpl.invoke0(Native Method)
	at sun.reflect.NativeMethodAccessorImpl.invoke(NativeMethodAccessorImpl.java:39)
	at sun.reflect.DelegatingMethodAccessorImpl.invoke(DelegatingMethodAccessorImpl.java:25)
	at java.lang.reflect.Method.invoke(Method.java:597)
	at org.junit.runners.model.FrameworkMethod$1.runReflectiveCall(FrameworkMethod.java:44)
	at org.junit.internal.runners.model.ReflectiveCallable.run(ReflectiveCallable.java:15)
	at org.junit.runners.model.FrameworkMethod.invokeExplosively(FrameworkMethod.java:41)
	at org.junit.internal.runners.statements.RunBefores.evaluate(RunBefores.java:27)
	at org.junit.internal.runners.statements.RunAfters.evaluate(RunAfters.java:31)
	at org.junit.runners.BlockJUnit4ClassRunner.runNotIgnored(BlockJUnit4ClassRunner.java:79)
	at org.junit.runners.BlockJUnit4ClassRunner.runChild(BlockJUnit4ClassRunner.java:71)
	at org.junit.runners.BlockJUnit4ClassRunner.runChild(BlockJUnit4ClassRunner.java:49)
	at org.junit.runners.ParentRunner$3.run(ParentRunner.java:193)
	at org.junit.runners.ParentRunner$1.schedule(ParentRunner.java:52)
	at org.junit.runners.ParentRunner.runChildren(ParentRunner.java:191)
	at org.junit.runners.ParentRunner.access$000(ParentRunner.java:42)
	at org.junit.runners.ParentRunner$2.evaluate(ParentRunner.java:184)
	at org.junit.internal.runners.statements.RunBefores.evaluate(RunBefores.java:28)
	at org.junit.internal.runners.statements.RunAfters.evaluate(RunAfters.java:31)
	at org.junit.runners.ParentRunner.run(ParentRunner.java:236)
	at org.apache.maven.surefire.junit4.JUnit4TestSet.execute(JUnit4TestSet.java:62)
	at org.apache.maven.surefire.suite.AbstractDirectoryTestSuite.executeTestSet(AbstractDirectoryTestSuite.java:140)
	at org.apache.maven.surefire.suite.AbstractDirectoryTestSuite.execute(AbstractDirectoryTestSuite.java:127)
	at org.apache.maven.surefire.Surefire.run(Surefire.java:177)
	at sun.reflect.NativeMethodAccessorImpl.invoke0(Native Method)
	at sun.reflect.NativeMethodAccessorImpl.invoke(NativeMethodAccessorImpl.java:39)
	at sun.reflect.DelegatingMethodAccessorImpl.invoke(DelegatingMethodAccessorImpl.java:25)
	at java.lang.reflect.Method.invoke(Method.java:597)
	at org.apache.maven.surefire.booter.SurefireBooter.runSuitesInProcess(SurefireBooter.java:345)
	at org.apache.maven.surefire.booter.SurefireBooter.main(SurefireBooter.java:1009)
</failure>
  </testcase>
  <testcase time="0" classname="fr.urssaf.image.tests.dfcetest.StressNcotiTest" name="injectionBatch">
    <skipped/>
  </testcase>
  <testcase time="0" classname="fr.urssaf.image.tests.dfcetest.StressNcotiTest" name="searchAndDelete">
    <skipped/>
  </testcase>
  <testcase time="0.016" classname="fr.urssaf.image.tests.dfcetest.StressNcotiTest" name="delete">
    <failure message="espace de stockage transmis à StoreTypeInformation ne doit pas etre null" type="java.lang.AssertionError">java.lang.AssertionError: espace de stockage transmis à StoreTypeInformation ne doit pas etre null
	at net.docubase.am.network.service.documentManager.data.base.StoreTypeInformation.&lt;init&gt;(StoreTypeInformation.java:111)
	at net.docubase.appmgt.session.base.UserBase.&lt;init&gt;(UserBase.java:112)
	at net.docubase.appmgt.session.base.BaseManager.push(BaseManager.java:90)
	at net.docubase.appmgt.session.base.BaseManager.getBase(BaseManager.java:75)
	at net.docubase.rheatoolkit.session.base.BaseManager.getBase(BaseManager.java:78)
	at fr.urssaf.image.tests.dfcetest.DocubaseHelper.getBase(DocubaseHelper.java:516)
	at fr.urssaf.image.tests.dfcetest.StressNcotiTest.initObjects(StressNcotiTest.java:68)
	at sun.reflect.NativeMethodAccessorImpl.invoke0(Native Method)
	at sun.reflect.NativeMethodAccessorImpl.invoke(NativeMethodAccessorImpl.java:39)
	at sun.reflect.DelegatingMethodAccessorImpl.invoke(DelegatingMethodAccessorImpl.java:25)
	at java.lang.reflect.Method.invoke(Method.java:597)
	at org.junit.runners.model.FrameworkMethod$1.runReflectiveCall(FrameworkMethod.java:44)
	at org.junit.internal.runners.model.ReflectiveCallable.run(ReflectiveCallable.java:15)
	at org.junit.runners.model.FrameworkMethod.invokeExplosively(FrameworkMethod.java:41)
	at org.junit.internal.runners.statements.RunBefores.evaluate(RunBefores.java:27)
	at org.junit.internal.runners.statements.RunAfters.evaluate(RunAfters.java:31)
	at org.junit.runners.BlockJUnit4ClassRunner.runNotIgnored(BlockJUnit4ClassRunner.java:79)
	at org.junit.runners.BlockJUnit4ClassRunner.runChild(BlockJUnit4ClassRunner.java:71)
	at org.junit.runners.BlockJUnit4ClassRunner.runChild(BlockJUnit4ClassRunner.java:49)
	at org.junit.runners.ParentRunner$3.run(ParentRunner.java:193)
	at org.junit.runners.ParentRunner$1.schedule(ParentRunner.java:52)
	at org.junit.runners.ParentRunner.runChildren(ParentRunner.java:191)
	at org.junit.runners.ParentRunner.access$000(ParentRunner.java:42)
	at org.junit.runners.ParentRunner$2.evaluate(ParentRunner.java:184)
	at org.junit.internal.runners.statements.RunBefores.evaluate(RunBefores.java:28)
	at org.junit.internal.runners.statements.RunAfters.evaluate(RunAfters.java:31)
	at org.junit.runners.ParentRunner.run(ParentRunner.java:236)
	at org.apache.maven.surefire.junit4.JUnit4TestSet.execute(JUnit4TestSet.java:62)
	at org.apache.maven.surefire.suite.AbstractDirectoryTestSuite.executeTestSet(AbstractDirectoryTestSuite.java:140)
	at org.apache.maven.surefire.suite.AbstractDirectoryTestSuite.execute(AbstractDirectoryTestSuite.java:127)
	at org.apache.maven.surefire.Surefire.run(Surefire.java:177)
	at sun.reflect.NativeMethodAccessorImpl.invoke0(Native Method)
	at sun.reflect.NativeMethodAccessorImpl.invoke(NativeMethodAccessorImpl.java:39)
	at sun.reflect.DelegatingMethodAccessorImpl.invoke(DelegatingMethodAccessorImpl.java:25)
	at java.lang.reflect.Method.invoke(Method.java:597)
	at org.apache.maven.surefire.booter.SurefireBooter.runSuitesInProcess(SurefireBooter.java:345)
	at org.apache.maven.surefire.booter.SurefireBooter.main(SurefireBooter.java:1009)
</failure>
  </testcase>
  <testcase time="0.016" classname="fr.urssaf.image.tests.dfcetest.StressNcotiTest" name="http">
    <skipped/>
  </testcase>
</testsuite>