<?xml version="1.0" encoding="UTF-8" ?>
<testsuite failures="0" time="0.391" errors="0" skipped="0" tests="28" name="net.padaf.xmpbox.schema.XMPMediaManagementTest">
  <properties>
[...]
</properties>
  <testcase time="0.11" classname="net.padaf.xmpbox.schema.XMPMediaManagementTest" name="testGetSetValue[0]"/>
  <testcase time="0" classname="net.padaf.xmpbox.schema.XMPMediaManagementTest" name="testGetSetProperty[0]"/>
  <testcase time="0.015" classname="net.padaf.xmpbox.schema.XMPMediaManagementTest" name="testGetSetValue[1]"/>
  <testcase time="0" classname="net.padaf.xmpbox.schema.XMPMediaManagementTest" name="testGetSetProperty[1]"/>
  <testcase time="0" classname="net.padaf.xmpbox.schema.XMPMediaManagementTest" name="testGetSetValue[2]"/>
  <testcase time="0" classname="net.padaf.xmpbox.schema.XMPMediaManagementTest" name="testGetSetProperty[2]"/>
  <testcase time="0.016" classname="net.padaf.xmpbox.schema.XMPMediaManagementTest" name="testGetSetValue[3]"/>
  <testcase time="0" classname="net.padaf.xmpbox.schema.XMPMediaManagementTest" name="testGetSetProperty[3]"/>
  <testcase time="0" classname="net.padaf.xmpbox.schema.XMPMediaManagementTest" name="testGetSetValue[4]"/>
  <testcase time="0" classname="net.padaf.xmpbox.schema.XMPMediaManagementTest" name="testGetSetProperty[4]"/>
  <testcase time="0" classname="net.padaf.xmpbox.schema.XMPMediaManagementTest" name="testGetSetValue[5]"/>
  <testcase time="0" classname="net.padaf.xmpbox.schema.XMPMediaManagementTest" name="testGetSetProperty[5]"/>
  <testcase time="0" classname="net.padaf.xmpbox.schema.XMPMediaManagementTest" name="testGetSetValue[6]"/>
  <testcase time="0" classname="net.padaf.xmpbox.schema.XMPMediaManagementTest" name="testGetSetProperty[6]"/>
  <testcase time="0" classname="net.padaf.xmpbox.schema.XMPMediaManagementTest" name="testGetSetValue[7]"/>
  <testcase time="0.015" classname="net.padaf.xmpbox.schema.XMPMediaManagementTest" name="testGetSetProperty[7]"/>
  <testcase time="0" classname="net.padaf.xmpbox.schema.XMPMediaManagementTest" name="testGetSetValue[8]"/>
  <testcase time="0" classname="net.padaf.xmpbox.schema.XMPMediaManagementTest" name="testGetSetProperty[8]"/>
  <testcase time="0" classname="net.padaf.xmpbox.schema.XMPMediaManagementTest" name="testGetSetValue[9]"/>
  <testcase time="0.016" classname="net.padaf.xmpbox.schema.XMPMediaManagementTest" name="testGetSetProperty[9]"/>
  <testcase time="0" classname="net.padaf.xmpbox.schema.XMPMediaManagementTest" name="testGetSetValue[10]"/>
  <testcase time="0" classname="net.padaf.xmpbox.schema.XMPMediaManagementTest" name="testGetSetProperty[10]"/>
  <testcase time="0" classname="net.padaf.xmpbox.schema.XMPMediaManagementTest" name="testGetSetValue[11]"/>
  <testcase time="0.015" classname="net.padaf.xmpbox.schema.XMPMediaManagementTest" name="testGetSetProperty[11]"/>
  <testcase time="0" classname="net.padaf.xmpbox.schema.XMPMediaManagementTest" name="testGetSetValue[12]"/>
  <testcase time="0" classname="net.padaf.xmpbox.schema.XMPMediaManagementTest" name="testGetSetProperty[12]"/>
  <testcase time="0" classname="net.padaf.xmpbox.schema.XMPMediaManagementTest" name="testGetSetValue[13]"/>
  <testcase time="0.016" classname="net.padaf.xmpbox.schema.XMPMediaManagementTest" name="testGetSetProperty[13]"/>
</testsuite>